<?xml version="1.0" encoding="UTF-8"?>
<coverage generated="1612979002295" clover="3.2.0">
  <project timestamp="1612979002295" name="All files">
    <metrics statements="2191" coveredstatements="1836" conditionals="632" coveredconditionals="414" methods="354" coveredmethods="234" elements="3177" coveredelements="2484" complexity="0" loc="2191" ncloc="2191" packages="53" files="61" classes="61"/>
    <package name="src">
      <metrics statements="90" coveredstatements="86" conditionals="57" coveredconditionals="51" methods="10" coveredmethods="8"/>
      <file name="eval.ts" path="/Users/nizami/Documents/work/xon/ast/src/eval.ts">
        <metrics statements="58" coveredstatements="56" conditionals="57" coveredconditionals="51" methods="1" coveredmethods="1"/>
        <line num="5" count="28" type="stmt"/>
        <line num="6" count="28" type="stmt"/>
        <line num="7" count="28" type="stmt"/>
        <line num="9" count="28" type="stmt"/>
        <line num="10" count="28" type="stmt"/>
        <line num="11" count="28" type="stmt"/>
        <line num="12" count="28" type="stmt"/>
        <line num="13" count="28" type="stmt"/>
        <line num="14" count="28" type="stmt"/>
        <line num="15" count="28" type="stmt"/>
        <line num="16" count="28" type="stmt"/>
        <line num="17" count="28" type="stmt"/>
        <line num="18" count="28" type="stmt"/>
        <line num="19" count="28" type="stmt"/>
        <line num="20" count="28" type="stmt"/>
        <line num="21" count="28" type="stmt"/>
        <line num="22" count="28" type="stmt"/>
        <line num="23" count="28" type="stmt"/>
        <line num="24" count="28" type="stmt"/>
        <line num="25" count="28" type="stmt"/>
        <line num="27" count="28" type="cond" truecount="1" falsecount="0"/>
        <line num="28" count="271" type="cond" truecount="1" falsecount="1"/>
        <line num="29" count="271" type="cond" truecount="2" falsecount="0"/>
        <line num="30" count="259" type="cond" truecount="2" falsecount="0"/>
        <line num="31" count="18" type="cond" truecount="1" falsecount="1"/>
        <line num="32" count="18" type="stmt"/>
        <line num="35" count="0" type="stmt"/>
        <line num="38" count="241" type="cond" truecount="2" falsecount="0"/>
        <line num="39" count="138" type="cond" truecount="1" falsecount="1"/>
        <line num="40" count="138" type="stmt"/>
        <line num="43" count="103" type="cond" truecount="2" falsecount="0"/>
        <line num="45" count="95" type="cond" truecount="2" falsecount="0"/>
        <line num="47" count="94" type="cond" truecount="2" falsecount="0"/>
        <line num="48" count="9" type="stmt"/>
        <line num="49" count="9" type="stmt"/>
        <line num="50" count="9" type="stmt"/>
        <line num="53" count="85" type="cond" truecount="2" falsecount="0"/>
        <line num="54" count="7" type="stmt"/>
        <line num="55" count="7" type="cond" truecount="2" falsecount="0"/>
        <line num="56" count="7" type="stmt"/>
        <line num="59" count="78" type="cond" truecount="3" falsecount="1"/>
        <line num="62" count="78" type="stmt"/>
        <line num="64" count="78" type="stmt"/>
        <line num="66" count="78" type="stmt"/>
        <line num="68" count="78" type="cond" truecount="2" falsecount="0"/>
        <line num="69" count="73" type="cond" truecount="2" falsecount="0"/>
        <line num="70" count="62" type="cond" truecount="2" falsecount="0"/>
        <line num="72" count="61" type="cond" truecount="2" falsecount="0"/>
        <line num="73" count="15" type="cond" truecount="2" falsecount="0"/>
        <line num="75" count="11" type="cond" truecount="2" falsecount="0"/>
        <line num="76" count="10" type="cond" truecount="2" falsecount="0"/>
        <line num="77" count="9" type="cond" truecount="2" falsecount="0"/>
        <line num="78" count="7" type="cond" truecount="2" falsecount="0"/>
        <line num="80" count="6" type="cond" truecount="2" falsecount="0"/>
        <line num="81" count="5" type="cond" truecount="2" falsecount="0"/>
        <line num="83" count="4" type="cond" truecount="4" falsecount="0"/>
        <line num="84" count="2" type="cond" truecount="2" falsecount="2"/>
        <line num="86" count="0" type="stmt"/>
      </file>
      <file name="parse.ts" path="/Users/nizami/Documents/work/xon/ast/src/parse.ts">
        <metrics statements="32" coveredstatements="30" conditionals="0" coveredconditionals="0" methods="9" coveredmethods="7"/>
        <line num="1" count="52" type="stmt"/>
        <line num="2" count="52" type="stmt"/>
        <line num="3" count="52" type="stmt"/>
        <line num="4" count="52" type="stmt"/>
        <line num="5" count="52" type="stmt"/>
        <line num="7" count="52" type="stmt"/>
        <line num="9" count="52" type="stmt"/>
        <line num="10" count="52" type="stmt"/>
        <line num="12" count="52" type="stmt"/>
        <line num="13" count="52" type="stmt"/>
        <line num="15" count="52" type="stmt"/>
        <line num="17" count="52" type="stmt"/>
        <line num="18" count="104" type="stmt"/>
        <line num="19" count="104" type="stmt"/>
        <line num="20" count="104" type="stmt"/>
        <line num="21" count="104" type="stmt"/>
        <line num="24" count="52" type="stmt"/>
        <line num="25" count="0" type="stmt"/>
        <line num="28" count="52" type="stmt"/>
        <line num="29" count="13" type="stmt"/>
        <line num="32" count="52" type="stmt"/>
        <line num="33" count="61" type="stmt"/>
        <line num="36" count="52" type="stmt"/>
        <line num="37" count="16" type="stmt"/>
        <line num="40" count="52" type="stmt"/>
        <line num="41" count="3" type="stmt"/>
        <line num="44" count="52" type="stmt"/>
        <line num="45" count="8" type="stmt"/>
        <line num="47" count="52" type="stmt"/>
        <line num="48" count="1" type="stmt"/>
        <line num="51" count="52" type="stmt"/>
        <line num="52" count="0" type="stmt"/>
      </file>
    </package>
    <package name="src.grammar">
      <metrics statements="1573" coveredstatements="1244" conditionals="367" coveredconditionals="200" methods="260" coveredmethods="152"/>
      <file name="xon-lexer-base.ts" path="/Users/nizami/Documents/work/xon/ast/src/grammar/xon-lexer-base.ts">
        <metrics statements="59" coveredstatements="54" conditionals="31" coveredconditionals="27" methods="10" coveredmethods="9"/>
        <line num="3" count="52" type="stmt"/>
        <line num="4" count="52" type="stmt"/>
        <line num="5" count="52" type="stmt"/>
        <line num="6" count="52" type="stmt"/>
        <line num="8" count="52" type="stmt"/>
        <line num="9" count="104" type="stmt"/>
        <line num="10" count="104" type="stmt"/>
        <line num="11" count="104" type="stmt"/>
        <line num="12" count="104" type="stmt"/>
        <line num="22" count="0" type="stmt"/>
        <line num="24" count="0" type="stmt"/>
        <line num="26" count="0" type="stmt"/>
        <line num="27" count="0" type="stmt"/>
        <line num="31" count="2040" type="cond" truecount="2" falsecount="0"/>
        <line num="32" count="2040" type="stmt"/>
        <line num="33" count="2040" type="stmt"/>
        <line num="45" count="1799" type="cond" truecount="4" falsecount="0"/>
        <line num="47" count="21" type="stmt"/>
        <line num="48" count="169" type="stmt"/>
        <line num="52" count="21" type="stmt"/>
        <line num="55" count="21" type="stmt"/>
        <line num="56" count="22" type="stmt"/>
        <line num="57" count="22" type="stmt"/>
        <line num="61" count="21" type="stmt"/>
        <line num="64" count="1799" type="stmt"/>
        <line num="66" count="1799" type="cond" truecount="1" falsecount="1"/>
        <line num="68" count="1799" type="stmt"/>
        <line num="71" count="1799" type="cond" truecount="1" falsecount="1"/>
        <line num="75" count="32" type="stmt"/>
        <line num="76" count="32" type="cond" truecount="1" falsecount="1"/>
        <line num="77" count="32" type="stmt"/>
        <line num="79" count="32" type="stmt"/>
        <line num="83" count="283" type="stmt"/>
        <line num="84" count="283" type="cond" truecount="2" falsecount="0"/>
        <line num="85" count="283" type="stmt"/>
        <line num="104" count="177" type="stmt"/>
        <line num="105" count="177" type="stmt"/>
        <line num="106" count="665" type="cond" truecount="1" falsecount="1"/>
        <line num="107" count="0" type="stmt"/>
        <line num="109" count="665" type="stmt"/>
        <line num="112" count="177" type="stmt"/>
        <line num="116" count="2275" type="stmt"/>
        <line num="120" count="206" type="stmt"/>
        <line num="121" count="206" type="stmt"/>
        <line num="124" count="206" type="stmt"/>
        <line num="125" count="206" type="stmt"/>
        <line num="126" count="206" type="cond" truecount="2" falsecount="0"/>
        <line num="133" count="29" type="stmt"/>
        <line num="135" count="177" type="stmt"/>
        <line num="136" count="177" type="stmt"/>
        <line num="137" count="177" type="cond" truecount="2" falsecount="0"/>
        <line num="138" count="177" type="cond" truecount="2" falsecount="0"/>
        <line num="140" count="135" type="stmt"/>
        <line num="141" count="42" type="cond" truecount="2" falsecount="0"/>
        <line num="142" count="32" type="stmt"/>
        <line num="143" count="32" type="stmt"/>
        <line num="146" count="10" type="cond" truecount="2" falsecount="0"/>
        <line num="147" count="10" type="stmt"/>
        <line num="148" count="10" type="stmt"/>
      </file>
      <file name="xon-lexer.ts" path="/Users/nizami/Documents/work/xon/ast/src/grammar/xon-lexer.ts">
        <metrics statements="128" coveredstatements="120" conditionals="18" coveredconditionals="18" methods="18" coveredmethods="12"/>
        <line num="5" count="52" type="stmt"/>
        <line num="9" count="52" type="stmt"/>
        <line num="12" count="52" type="stmt"/>
        <line num="17" count="52" type="stmt"/>
        <line num="19" count="52" type="stmt"/>
        <line num="22" count="52" type="stmt"/>
        <line num="23" count="52" type="stmt"/>
        <line num="24" count="52" type="stmt"/>
        <line num="25" count="52" type="stmt"/>
        <line num="26" count="52" type="stmt"/>
        <line num="27" count="52" type="stmt"/>
        <line num="28" count="52" type="stmt"/>
        <line num="29" count="52" type="stmt"/>
        <line num="30" count="52" type="stmt"/>
        <line num="31" count="52" type="stmt"/>
        <line num="32" count="52" type="stmt"/>
        <line num="33" count="52" type="stmt"/>
        <line num="34" count="52" type="stmt"/>
        <line num="35" count="52" type="stmt"/>
        <line num="36" count="52" type="stmt"/>
        <line num="37" count="52" type="stmt"/>
        <line num="38" count="52" type="stmt"/>
        <line num="39" count="52" type="stmt"/>
        <line num="40" count="52" type="stmt"/>
        <line num="41" count="52" type="stmt"/>
        <line num="42" count="52" type="stmt"/>
        <line num="43" count="52" type="stmt"/>
        <line num="44" count="52" type="stmt"/>
        <line num="45" count="52" type="stmt"/>
        <line num="46" count="52" type="stmt"/>
        <line num="47" count="52" type="stmt"/>
        <line num="48" count="52" type="stmt"/>
        <line num="49" count="52" type="stmt"/>
        <line num="50" count="52" type="stmt"/>
        <line num="51" count="52" type="stmt"/>
        <line num="52" count="52" type="stmt"/>
        <line num="53" count="52" type="stmt"/>
        <line num="54" count="52" type="stmt"/>
        <line num="55" count="52" type="stmt"/>
        <line num="56" count="52" type="stmt"/>
        <line num="57" count="52" type="stmt"/>
        <line num="58" count="52" type="stmt"/>
        <line num="59" count="52" type="stmt"/>
        <line num="60" count="52" type="stmt"/>
        <line num="61" count="52" type="stmt"/>
        <line num="62" count="52" type="stmt"/>
        <line num="63" count="52" type="stmt"/>
        <line num="64" count="52" type="stmt"/>
        <line num="65" count="52" type="stmt"/>
        <line num="66" count="52" type="stmt"/>
        <line num="67" count="52" type="stmt"/>
        <line num="68" count="52" type="stmt"/>
        <line num="69" count="52" type="stmt"/>
        <line num="70" count="52" type="stmt"/>
        <line num="71" count="52" type="stmt"/>
        <line num="72" count="52" type="stmt"/>
        <line num="73" count="52" type="stmt"/>
        <line num="74" count="52" type="stmt"/>
        <line num="75" count="52" type="stmt"/>
        <line num="76" count="52" type="stmt"/>
        <line num="77" count="52" type="stmt"/>
        <line num="78" count="52" type="stmt"/>
        <line num="79" count="52" type="stmt"/>
        <line num="80" count="52" type="stmt"/>
        <line num="81" count="52" type="stmt"/>
        <line num="82" count="52" type="stmt"/>
        <line num="83" count="52" type="stmt"/>
        <line num="84" count="52" type="stmt"/>
        <line num="87" count="52" type="stmt"/>
        <line num="92" count="52" type="stmt"/>
        <line num="96" count="52" type="stmt"/>
        <line num="110" count="52" type="stmt"/>
        <line num="118" count="52" type="stmt"/>
        <line num="130" count="52" type="stmt"/>
        <line num="135" count="0" type="stmt"/>
        <line num="141" count="104" type="stmt"/>
        <line num="142" count="104" type="stmt"/>
        <line num="146" count="0" type="stmt"/>
        <line num="149" count="0" type="stmt"/>
        <line num="152" count="0" type="stmt"/>
        <line num="155" count="0" type="stmt"/>
        <line num="158" count="0" type="stmt"/>
        <line num="162" count="504" type="stmt"/>
        <line num="164" count="206" type="stmt"/>
        <line num="165" count="206" type="stmt"/>
        <line num="168" count="6" type="stmt"/>
        <line num="169" count="6" type="stmt"/>
        <line num="172" count="6" type="stmt"/>
        <line num="173" count="6" type="stmt"/>
        <line num="176" count="142" type="stmt"/>
        <line num="177" count="142" type="stmt"/>
        <line num="180" count="142" type="stmt"/>
        <line num="181" count="142" type="stmt"/>
        <line num="184" count="1" type="stmt"/>
        <line num="185" count="1" type="stmt"/>
        <line num="188" count="1" type="stmt"/>
        <line num="189" count="1" type="stmt"/>
        <line num="193" count="206" type="stmt"/>
        <line num="195" count="206" type="stmt"/>
        <line num="196" count="206" type="stmt"/>
        <line num="200" count="6" type="stmt"/>
        <line num="202" count="6" type="stmt"/>
        <line num="203" count="6" type="stmt"/>
        <line num="207" count="6" type="stmt"/>
        <line num="209" count="6" type="stmt"/>
        <line num="210" count="6" type="stmt"/>
        <line num="214" count="142" type="stmt"/>
        <line num="216" count="142" type="stmt"/>
        <line num="217" count="142" type="stmt"/>
        <line num="221" count="142" type="stmt"/>
        <line num="223" count="142" type="stmt"/>
        <line num="224" count="142" type="stmt"/>
        <line num="228" count="1" type="stmt"/>
        <line num="230" count="1" type="stmt"/>
        <line num="231" count="1" type="stmt"/>
        <line num="235" count="1" type="stmt"/>
        <line num="237" count="1" type="stmt"/>
        <line num="238" count="1" type="stmt"/>
        <line num="243" count="2275" type="stmt"/>
        <line num="245" count="2275" type="stmt"/>
        <line num="247" count="0" type="stmt"/>
        <line num="250" count="2275" type="stmt"/>
        <line num="252" count="2275" type="stmt"/>
        <line num="254" count="0" type="stmt"/>
        <line num="257" count="52" type="stmt"/>
        <line num="480" count="104" type="cond" truecount="2" falsecount="0"/>
        <line num="481" count="52" type="stmt"/>
        <line num="484" count="104" type="stmt"/>
      </file>
      <file name="xon-parser.ts" path="/Users/nizami/Documents/work/xon/ast/src/grammar/xon-parser.ts">
        <metrics statements="1386" coveredstatements="1070" conditionals="318" coveredconditionals="155" methods="232" coveredmethods="131"/>
        <line num="7" count="52" type="stmt"/>
        <line num="8" count="52" type="stmt"/>
        <line num="9" count="52" type="stmt"/>
        <line num="11" count="52" type="stmt"/>
        <line num="13" count="52" type="stmt"/>
        <line num="14" count="52" type="stmt"/>
        <line num="15" count="52" type="stmt"/>
        <line num="18" count="52" type="stmt"/>
        <line num="22" count="52" type="stmt"/>
        <line num="25" count="52" type="stmt"/>
        <line num="27" count="52" type="stmt"/>
        <line num="30" count="52" type="stmt"/>
        <line num="31" count="52" type="stmt"/>
        <line num="32" count="52" type="stmt"/>
        <line num="33" count="52" type="stmt"/>
        <line num="34" count="52" type="stmt"/>
        <line num="35" count="52" type="stmt"/>
        <line num="36" count="52" type="stmt"/>
        <line num="37" count="52" type="stmt"/>
        <line num="38" count="52" type="stmt"/>
        <line num="39" count="52" type="stmt"/>
        <line num="40" count="52" type="stmt"/>
        <line num="41" count="52" type="stmt"/>
        <line num="42" count="52" type="stmt"/>
        <line num="43" count="52" type="stmt"/>
        <line num="44" count="52" type="stmt"/>
        <line num="45" count="52" type="stmt"/>
        <line num="46" count="52" type="stmt"/>
        <line num="47" count="52" type="stmt"/>
        <line num="48" count="52" type="stmt"/>
        <line num="49" count="52" type="stmt"/>
        <line num="50" count="52" type="stmt"/>
        <line num="51" count="52" type="stmt"/>
        <line num="52" count="52" type="stmt"/>
        <line num="53" count="52" type="stmt"/>
        <line num="54" count="52" type="stmt"/>
        <line num="55" count="52" type="stmt"/>
        <line num="56" count="52" type="stmt"/>
        <line num="57" count="52" type="stmt"/>
        <line num="58" count="52" type="stmt"/>
        <line num="59" count="52" type="stmt"/>
        <line num="60" count="52" type="stmt"/>
        <line num="61" count="52" type="stmt"/>
        <line num="62" count="52" type="stmt"/>
        <line num="63" count="52" type="stmt"/>
        <line num="64" count="52" type="stmt"/>
        <line num="65" count="52" type="stmt"/>
        <line num="66" count="52" type="stmt"/>
        <line num="67" count="52" type="stmt"/>
        <line num="68" count="52" type="stmt"/>
        <line num="69" count="52" type="stmt"/>
        <line num="70" count="52" type="stmt"/>
        <line num="71" count="52" type="stmt"/>
        <line num="72" count="52" type="stmt"/>
        <line num="73" count="52" type="stmt"/>
        <line num="74" count="52" type="stmt"/>
        <line num="75" count="52" type="stmt"/>
        <line num="76" count="52" type="stmt"/>
        <line num="77" count="52" type="stmt"/>
        <line num="78" count="52" type="stmt"/>
        <line num="79" count="52" type="stmt"/>
        <line num="80" count="52" type="stmt"/>
        <line num="81" count="52" type="stmt"/>
        <line num="82" count="52" type="stmt"/>
        <line num="83" count="52" type="stmt"/>
        <line num="84" count="52" type="stmt"/>
        <line num="85" count="52" type="stmt"/>
        <line num="86" count="52" type="stmt"/>
        <line num="87" count="52" type="stmt"/>
        <line num="88" count="52" type="stmt"/>
        <line num="89" count="52" type="stmt"/>
        <line num="90" count="52" type="stmt"/>
        <line num="91" count="52" type="stmt"/>
        <line num="92" count="52" type="stmt"/>
        <line num="93" count="52" type="stmt"/>
        <line num="94" count="52" type="stmt"/>
        <line num="95" count="52" type="stmt"/>
        <line num="96" count="52" type="stmt"/>
        <line num="97" count="52" type="stmt"/>
        <line num="98" count="52" type="stmt"/>
        <line num="99" count="52" type="stmt"/>
        <line num="100" count="52" type="stmt"/>
        <line num="101" count="52" type="stmt"/>
        <line num="102" count="52" type="stmt"/>
        <line num="103" count="52" type="stmt"/>
        <line num="104" count="52" type="stmt"/>
        <line num="106" count="52" type="stmt"/>
        <line num="111" count="52" type="stmt"/>
        <line num="119" count="52" type="stmt"/>
        <line num="131" count="52" type="stmt"/>
        <line num="136" count="2" type="stmt"/>
        <line num="141" count="0" type="stmt"/>
        <line num="144" count="0" type="stmt"/>
        <line num="147" count="0" type="stmt"/>
        <line num="150" count="0" type="stmt"/>
        <line num="154" count="104" type="stmt"/>
        <line num="155" count="104" type="stmt"/>
        <line num="159" count="2" type="stmt"/>
        <line num="160" count="2" type="stmt"/>
        <line num="162" count="2" type="stmt"/>
        <line num="163" count="2" type="stmt"/>
        <line num="165" count="2" type="stmt"/>
        <line num="166" count="2" type="stmt"/>
        <line num="167" count="2" type="stmt"/>
        <line num="168" count="2" type="cond" truecount="4" falsecount="0"/>
        <line num="170" count="6" type="stmt"/>
        <line num="171" count="6" type="stmt"/>
        <line num="172" count="6" type="stmt"/>
        <line num="175" count="1" type="stmt"/>
        <line num="176" count="1" type="stmt"/>
        <line num="178" count="1" type="stmt"/>
        <line num="182" count="3" type="stmt"/>
        <line num="183" count="3" type="stmt"/>
        <line num="185" count="3" type="stmt"/>
        <line num="189" count="0" type="stmt"/>
        <line num="190" count="0" type="stmt"/>
        <line num="192" count="0" type="stmt"/>
        <line num="196" count="2" type="stmt"/>
        <line num="197" count="2" type="stmt"/>
        <line num="199" count="2" type="stmt"/>
        <line num="202" count="6" type="stmt"/>
        <line num="203" count="6" type="stmt"/>
        <line num="204" count="6" type="stmt"/>
        <line num="209" count="0" type="cond" truecount="0" falsecount="2"/>
        <line num="210" count="0" type="stmt"/>
        <line num="211" count="0" type="stmt"/>
        <line num="212" count="0" type="stmt"/>
        <line num="214" count="0" type="stmt"/>
        <line num="218" count="2" type="stmt"/>
        <line num="220" count="2" type="stmt"/>
        <line num="224" count="2" type="stmt"/>
        <line num="225" count="2" type="stmt"/>
        <line num="227" count="2" type="stmt"/>
        <line num="228" count="2" type="stmt"/>
        <line num="230" count="2" type="stmt"/>
        <line num="231" count="2" type="stmt"/>
        <line num="232" count="2" type="stmt"/>
        <line num="233" count="2" type="stmt"/>
        <line num="234" count="2" type="stmt"/>
        <line num="235" count="2" type="stmt"/>
        <line num="236" count="2" type="stmt"/>
        <line num="237" count="2" type="stmt"/>
        <line num="238" count="2" type="stmt"/>
        <line num="239" count="2" type="stmt"/>
        <line num="242" count="3" type="stmt"/>
        <line num="243" count="3" type="stmt"/>
        <line num="244" count="3" type="stmt"/>
        <line num="245" count="3" type="stmt"/>
        <line num="248" count="3" type="stmt"/>
        <line num="249" count="3" type="stmt"/>
        <line num="250" count="3" type="stmt"/>
        <line num="255" count="0" type="cond" truecount="0" falsecount="2"/>
        <line num="256" count="0" type="stmt"/>
        <line num="257" count="0" type="stmt"/>
        <line num="258" count="0" type="stmt"/>
        <line num="260" count="0" type="stmt"/>
        <line num="264" count="2" type="stmt"/>
        <line num="266" count="2" type="stmt"/>
        <line num="270" count="2" type="stmt"/>
        <line num="271" count="2" type="stmt"/>
        <line num="273" count="2" type="stmt"/>
        <line num="274" count="2" type="stmt"/>
        <line num="276" count="2" type="stmt"/>
        <line num="277" count="2" type="stmt"/>
        <line num="278" count="2" type="stmt"/>
        <line num="279" count="2" type="stmt"/>
        <line num="280" count="2" type="stmt"/>
        <line num="281" count="2" type="stmt"/>
        <line num="284" count="0" type="stmt"/>
        <line num="285" count="0" type="stmt"/>
        <line num="286" count="0" type="stmt"/>
        <line num="287" count="0" type="stmt"/>
        <line num="290" count="0" type="stmt"/>
        <line num="291" count="0" type="stmt"/>
        <line num="292" count="0" type="stmt"/>
        <line num="294" count="2" type="stmt"/>
        <line num="295" count="2" type="stmt"/>
        <line num="296" count="2" type="stmt"/>
        <line num="297" count="2" type="stmt"/>
        <line num="298" count="2" type="stmt"/>
        <line num="299" count="2" type="stmt"/>
        <line num="300" count="2" type="stmt"/>
        <line num="301" count="2" type="stmt"/>
        <line num="304" count="0" type="stmt"/>
        <line num="305" count="0" type="stmt"/>
        <line num="306" count="0" type="stmt"/>
        <line num="307" count="0" type="stmt"/>
        <line num="310" count="0" type="stmt"/>
        <line num="311" count="0" type="stmt"/>
        <line num="312" count="0" type="stmt"/>
        <line num="317" count="0" type="cond" truecount="0" falsecount="2"/>
        <line num="318" count="0" type="stmt"/>
        <line num="319" count="0" type="stmt"/>
        <line num="320" count="0" type="stmt"/>
        <line num="322" count="0" type="stmt"/>
        <line num="326" count="2" type="stmt"/>
        <line num="328" count="2" type="stmt"/>
        <line num="332" count="5" type="stmt"/>
        <line num="333" count="5" type="stmt"/>
        <line num="335" count="5" type="stmt"/>
        <line num="336" count="5" type="stmt"/>
        <line num="338" count="5" type="stmt"/>
        <line num="339" count="5" type="stmt"/>
        <line num="340" count="5" type="stmt"/>
        <line num="341" count="5" type="stmt"/>
        <line num="342" count="5" type="stmt"/>
        <line num="343" count="5" type="cond" truecount="2" falsecount="0"/>
        <line num="345" count="2" type="stmt"/>
        <line num="346" count="2" type="stmt"/>
        <line num="347" count="2" type="stmt"/>
        <line num="348" count="2" type="stmt"/>
        <line num="355" count="0" type="cond" truecount="0" falsecount="2"/>
        <line num="356" count="0" type="stmt"/>
        <line num="357" count="0" type="stmt"/>
        <line num="358" count="0" type="stmt"/>
        <line num="360" count="0" type="stmt"/>
        <line num="364" count="5" type="stmt"/>
        <line num="366" count="5" type="stmt"/>
        <line num="370" count="8" type="stmt"/>
        <line num="371" count="8" type="stmt"/>
        <line num="373" count="8" type="stmt"/>
        <line num="374" count="8" type="stmt"/>
        <line num="376" count="8" type="stmt"/>
        <line num="377" count="8" type="stmt"/>
        <line num="378" count="8" type="stmt"/>
        <line num="379" count="8" type="stmt"/>
        <line num="380" count="8" type="stmt"/>
        <line num="381" count="8" type="cond" truecount="2" falsecount="0"/>
        <line num="383" count="6" type="stmt"/>
        <line num="384" count="6" type="stmt"/>
        <line num="385" count="6" type="stmt"/>
        <line num="386" count="6" type="stmt"/>
        <line num="390" count="8" type="stmt"/>
        <line num="391" count="8" type="stmt"/>
        <line num="392" count="8" type="stmt"/>
        <line num="393" count="8" type="stmt"/>
        <line num="394" count="8" type="stmt"/>
        <line num="395" count="8" type="stmt"/>
        <line num="396" count="8" type="stmt"/>
        <line num="397" count="8" type="stmt"/>
        <line num="398" count="8" type="stmt"/>
        <line num="399" count="8" type="stmt"/>
        <line num="401" count="250" type="stmt"/>
        <line num="402" count="250" type="stmt"/>
        <line num="403" count="250" type="stmt"/>
        <line num="407" count="113" type="stmt"/>
        <line num="408" count="113" type="stmt"/>
        <line num="410" count="113" type="stmt"/>
        <line num="413" count="137" type="stmt"/>
        <line num="414" count="137" type="stmt"/>
        <line num="416" count="137" type="stmt"/>
        <line num="418" count="0" type="stmt"/>
        <line num="421" count="250" type="stmt"/>
        <line num="422" count="250" type="stmt"/>
        <line num="423" count="250" type="stmt"/>
        <line num="425" count="8" type="stmt"/>
        <line num="426" count="8" type="stmt"/>
        <line num="430" count="0" type="cond" truecount="0" falsecount="2"/>
        <line num="431" count="0" type="stmt"/>
        <line num="432" count="0" type="stmt"/>
        <line num="433" count="0" type="stmt"/>
        <line num="435" count="0" type="stmt"/>
        <line num="439" count="8" type="stmt"/>
        <line num="441" count="8" type="stmt"/>
        <line num="445" count="116" type="stmt"/>
        <line num="446" count="116" type="stmt"/>
        <line num="448" count="116" type="stmt"/>
        <line num="449" count="116" type="stmt"/>
        <line num="450" count="116" type="stmt"/>
        <line num="451" count="116" type="stmt"/>
        <line num="453" count="4" type="stmt"/>
        <line num="454" count="4" type="stmt"/>
        <line num="456" count="4" type="stmt"/>
        <line num="457" count="4" type="stmt"/>
        <line num="458" count="4" type="stmt"/>
        <line num="459" count="4" type="stmt"/>
        <line num="461" count="4" type="stmt"/>
        <line num="464" count="3" type="stmt"/>
        <line num="465" count="3" type="stmt"/>
        <line num="467" count="3" type="stmt"/>
        <line num="468" count="3" type="stmt"/>
        <line num="469" count="3" type="stmt"/>
        <line num="470" count="3" type="stmt"/>
        <line num="471" count="3" type="stmt"/>
        <line num="472" count="3" type="stmt"/>
        <line num="473" count="3" type="stmt"/>
        <line num="474" count="3" type="cond" truecount="2" falsecount="0"/>
        <line num="476" count="2" type="stmt"/>
        <line num="477" count="2" type="stmt"/>
        <line num="478" count="2" type="stmt"/>
        <line num="479" count="2" type="stmt"/>
        <line num="480" count="2" type="stmt"/>
        <line num="481" count="2" type="stmt"/>
        <line num="484" count="3" type="stmt"/>
        <line num="485" count="3" type="stmt"/>
        <line num="486" count="3" type="stmt"/>
        <line num="487" count="3" type="stmt"/>
        <line num="490" count="3" type="stmt"/>
        <line num="491" count="3" type="stmt"/>
        <line num="492" count="3" type="stmt"/>
        <line num="497" count="3" type="stmt"/>
        <line num="498" count="3" type="stmt"/>
        <line num="499" count="3" type="stmt"/>
        <line num="500" count="3" type="stmt"/>
        <line num="501" count="3" type="stmt"/>
        <line num="502" count="3" type="stmt"/>
        <line num="504" count="3" type="stmt"/>
        <line num="507" count="109" type="stmt"/>
        <line num="508" count="109" type="stmt"/>
        <line num="510" count="109" type="stmt"/>
        <line num="511" count="109" type="stmt"/>
        <line num="512" count="109" type="stmt"/>
        <line num="513" count="109" type="stmt"/>
        <line num="514" count="109" type="stmt"/>
        <line num="515" count="109" type="stmt"/>
        <line num="516" count="109" type="stmt"/>
        <line num="517" count="109" type="stmt"/>
        <line num="518" count="109" type="stmt"/>
        <line num="519" count="109" type="stmt"/>
        <line num="520" count="109" type="stmt"/>
        <line num="521" count="109" type="stmt"/>
        <line num="522" count="109" type="stmt"/>
        <line num="523" count="109" type="stmt"/>
        <line num="524" count="109" type="stmt"/>
        <line num="525" count="109" type="cond" truecount="2" falsecount="0"/>
        <line num="527" count="2" type="stmt"/>
        <line num="528" count="2" type="stmt"/>
        <line num="533" count="109" type="stmt"/>
        <line num="537" count="0" type="cond" truecount="0" falsecount="2"/>
        <line num="538" count="0" type="stmt"/>
        <line num="539" count="0" type="stmt"/>
        <line num="540" count="0" type="stmt"/>
        <line num="542" count="0" type="stmt"/>
        <line num="546" count="116" type="stmt"/>
        <line num="548" count="116" type="stmt"/>
        <line num="552" count="109" type="stmt"/>
        <line num="553" count="109" type="stmt"/>
        <line num="555" count="109" type="stmt"/>
        <line num="556" count="109" type="stmt"/>
        <line num="558" count="109" type="stmt"/>
        <line num="559" count="109" type="stmt"/>
        <line num="560" count="109" type="cond" truecount="3" falsecount="1"/>
        <line num="561" count="0" type="stmt"/>
        <line num="563" count="109" type="cond" truecount="1" falsecount="1"/>
        <line num="564" count="0" type="stmt"/>
        <line num="567" count="109" type="stmt"/>
        <line num="568" count="109" type="stmt"/>
        <line num="573" count="0" type="cond" truecount="0" falsecount="2"/>
        <line num="574" count="0" type="stmt"/>
        <line num="575" count="0" type="stmt"/>
        <line num="576" count="0" type="stmt"/>
        <line num="578" count="0" type="stmt"/>
        <line num="582" count="109" type="stmt"/>
        <line num="584" count="109" type="stmt"/>
        <line num="588" count="114" type="stmt"/>
        <line num="589" count="114" type="stmt"/>
        <line num="590" count="114" type="stmt"/>
        <line num="591" count="114" type="stmt"/>
        <line num="593" count="114" type="stmt"/>
        <line num="594" count="114" type="stmt"/>
        <line num="595" count="114" type="stmt"/>
        <line num="596" count="114" type="stmt"/>
        <line num="600" count="0" type="cond" truecount="0" falsecount="2"/>
        <line num="601" count="0" type="stmt"/>
        <line num="602" count="0" type="stmt"/>
        <line num="603" count="0" type="stmt"/>
        <line num="605" count="0" type="stmt"/>
        <line num="609" count="114" type="stmt"/>
        <line num="611" count="114" type="stmt"/>
        <line num="615" count="240" type="stmt"/>
        <line num="616" count="240" type="stmt"/>
        <line num="618" count="240" type="stmt"/>
        <line num="619" count="240" type="stmt"/>
        <line num="621" count="240" type="stmt"/>
        <line num="622" count="240" type="stmt"/>
        <line num="623" count="240" type="stmt"/>
        <line num="624" count="240" type="stmt"/>
        <line num="625" count="240" type="stmt"/>
        <line num="626" count="240" type="cond" truecount="2" falsecount="0"/>
        <line num="628" count="2" type="stmt"/>
        <line num="629" count="2" type="stmt"/>
        <line num="630" count="2" type="stmt"/>
        <line num="631" count="2" type="stmt"/>
        <line num="632" count="2" type="stmt"/>
        <line num="633" count="2" type="stmt"/>
        <line num="634" count="2" type="stmt"/>
        <line num="635" count="2" type="stmt"/>
        <line num="638" count="1" type="stmt"/>
        <line num="639" count="1" type="stmt"/>
        <line num="640" count="1" type="stmt"/>
        <line num="641" count="1" type="stmt"/>
        <line num="644" count="1" type="stmt"/>
        <line num="645" count="1" type="stmt"/>
        <line num="646" count="1" type="stmt"/>
        <line num="648" count="2" type="stmt"/>
        <line num="649" count="2" type="stmt"/>
        <line num="656" count="0" type="cond" truecount="0" falsecount="2"/>
        <line num="657" count="0" type="stmt"/>
        <line num="658" count="0" type="stmt"/>
        <line num="659" count="0" type="stmt"/>
        <line num="661" count="0" type="stmt"/>
        <line num="665" count="240" type="stmt"/>
        <line num="667" count="240" type="stmt"/>
        <line num="671" count="44" type="stmt"/>
        <line num="672" count="44" type="stmt"/>
        <line num="674" count="44" type="stmt"/>
        <line num="675" count="44" type="stmt"/>
        <line num="676" count="44" type="stmt"/>
        <line num="677" count="44" type="stmt"/>
        <line num="679" count="6" type="stmt"/>
        <line num="680" count="6" type="stmt"/>
        <line num="682" count="6" type="stmt"/>
        <line num="683" count="6" type="stmt"/>
        <line num="684" count="6" type="stmt"/>
        <line num="685" count="6" type="stmt"/>
        <line num="686" count="6" type="stmt"/>
        <line num="687" count="6" type="stmt"/>
        <line num="688" count="6" type="stmt"/>
        <line num="689" count="6" type="stmt"/>
        <line num="690" count="6" type="stmt"/>
        <line num="691" count="6" type="stmt"/>
        <line num="694" count="5" type="stmt"/>
        <line num="695" count="5" type="stmt"/>
        <line num="696" count="5" type="stmt"/>
        <line num="697" count="5" type="stmt"/>
        <line num="698" count="5" type="stmt"/>
        <line num="699" count="5" type="stmt"/>
        <line num="702" count="5" type="stmt"/>
        <line num="703" count="5" type="stmt"/>
        <line num="704" count="5" type="stmt"/>
        <line num="706" count="6" type="stmt"/>
        <line num="707" count="6" type="stmt"/>
        <line num="708" count="6" type="stmt"/>
        <line num="709" count="6" type="cond" truecount="2" falsecount="0"/>
        <line num="711" count="2" type="stmt"/>
        <line num="712" count="2" type="stmt"/>
        <line num="713" count="2" type="stmt"/>
        <line num="714" count="2" type="stmt"/>
        <line num="719" count="6" type="stmt"/>
        <line num="722" count="6" type="stmt"/>
        <line num="723" count="6" type="stmt"/>
        <line num="725" count="6" type="stmt"/>
        <line num="726" count="6" type="stmt"/>
        <line num="727" count="6" type="stmt"/>
        <line num="728" count="6" type="stmt"/>
        <line num="729" count="6" type="stmt"/>
        <line num="730" count="6" type="cond" truecount="6" falsecount="0"/>
        <line num="732" count="5" type="stmt"/>
        <line num="733" count="5" type="stmt"/>
        <line num="734" count="5" type="stmt"/>
        <line num="737" count="4" type="stmt"/>
        <line num="738" count="4" type="stmt"/>
        <line num="739" count="4" type="stmt"/>
        <line num="740" count="4" type="stmt"/>
        <line num="741" count="4" type="stmt"/>
        <line num="744" count="3" type="stmt"/>
        <line num="745" count="3" type="stmt"/>
        <line num="746" count="3" type="stmt"/>
        <line num="747" count="3" type="stmt"/>
        <line num="748" count="3" type="stmt"/>
        <line num="749" count="3" type="cond" truecount="1" falsecount="1"/>
        <line num="751" count="3" type="stmt"/>
        <line num="752" count="3" type="stmt"/>
        <line num="757" count="3" type="stmt"/>
        <line num="759" count="4" type="stmt"/>
        <line num="760" count="4" type="stmt"/>
        <line num="761" count="4" type="stmt"/>
        <line num="762" count="4" type="cond" truecount="2" falsecount="0"/>
        <line num="764" count="2" type="stmt"/>
        <line num="765" count="2" type="stmt"/>
        <line num="766" count="2" type="stmt"/>
        <line num="767" count="2" type="stmt"/>
        <line num="771" count="4" type="stmt"/>
        <line num="772" count="4" type="stmt"/>
        <line num="774" count="4" type="stmt"/>
        <line num="776" count="5" type="stmt"/>
        <line num="777" count="5" type="stmt"/>
        <line num="781" count="6" type="stmt"/>
        <line num="782" count="6" type="stmt"/>
        <line num="784" count="6" type="stmt"/>
        <line num="787" count="0" type="stmt"/>
        <line num="788" count="0" type="stmt"/>
        <line num="790" count="0" type="stmt"/>
        <line num="791" count="0" type="stmt"/>
        <line num="793" count="0" type="stmt"/>
        <line num="796" count="1" type="stmt"/>
        <line num="797" count="1" type="stmt"/>
        <line num="799" count="1" type="stmt"/>
        <line num="800" count="1" type="stmt"/>
        <line num="801" count="1" type="stmt"/>
        <line num="802" count="1" type="stmt"/>
        <line num="803" count="1" type="stmt"/>
        <line num="806" count="1" type="stmt"/>
        <line num="807" count="1" type="stmt"/>
        <line num="809" count="1" type="stmt"/>
        <line num="812" count="1" type="stmt"/>
        <line num="815" count="1" type="stmt"/>
        <line num="816" count="1" type="stmt"/>
        <line num="818" count="1" type="stmt"/>
        <line num="819" count="1" type="stmt"/>
        <line num="820" count="1" type="stmt"/>
        <line num="821" count="1" type="stmt"/>
        <line num="822" count="1" type="stmt"/>
        <line num="823" count="1" type="stmt"/>
        <line num="825" count="1" type="stmt"/>
        <line num="828" count="27" type="stmt"/>
        <line num="829" count="27" type="stmt"/>
        <line num="831" count="27" type="stmt"/>
        <line num="832" count="27" type="stmt"/>
        <line num="834" count="27" type="stmt"/>
        <line num="837" count="3" type="stmt"/>
        <line num="838" count="3" type="stmt"/>
        <line num="840" count="3" type="stmt"/>
        <line num="841" count="3" type="stmt"/>
        <line num="843" count="3" type="stmt"/>
        <line num="847" count="0" type="cond" truecount="0" falsecount="2"/>
        <line num="848" count="0" type="stmt"/>
        <line num="849" count="0" type="stmt"/>
        <line num="850" count="0" type="stmt"/>
        <line num="852" count="0" type="stmt"/>
        <line num="856" count="44" type="stmt"/>
        <line num="858" count="44" type="stmt"/>
        <line num="862" count="24" type="stmt"/>
        <line num="863" count="24" type="stmt"/>
        <line num="865" count="24" type="stmt"/>
        <line num="866" count="24" type="stmt"/>
        <line num="868" count="24" type="stmt"/>
        <line num="869" count="24" type="stmt"/>
        <line num="870" count="24" type="stmt"/>
        <line num="871" count="24" type="stmt"/>
        <line num="872" count="24" type="stmt"/>
        <line num="873" count="24" type="stmt"/>
        <line num="874" count="24" type="stmt"/>
        <line num="875" count="24" type="stmt"/>
        <line num="876" count="24" type="stmt"/>
        <line num="877" count="24" type="stmt"/>
        <line num="879" count="50" type="stmt"/>
        <line num="880" count="50" type="stmt"/>
        <line num="881" count="50" type="stmt"/>
        <line num="900" count="25" type="stmt"/>
        <line num="901" count="25" type="stmt"/>
        <line num="903" count="25" type="stmt"/>
        <line num="906" count="25" type="stmt"/>
        <line num="907" count="25" type="stmt"/>
        <line num="909" count="25" type="stmt"/>
        <line num="911" count="0" type="stmt"/>
        <line num="914" count="50" type="stmt"/>
        <line num="915" count="50" type="stmt"/>
        <line num="916" count="50" type="stmt"/>
        <line num="918" count="24" type="stmt"/>
        <line num="919" count="24" type="stmt"/>
        <line num="923" count="0" type="cond" truecount="0" falsecount="2"/>
        <line num="924" count="0" type="stmt"/>
        <line num="925" count="0" type="stmt"/>
        <line num="926" count="0" type="stmt"/>
        <line num="928" count="0" type="stmt"/>
        <line num="932" count="24" type="stmt"/>
        <line num="934" count="24" type="stmt"/>
        <line num="941" count="282" type="cond" truecount="2" falsecount="0"/>
        <line num="942" count="61" type="stmt"/>
        <line num="945" count="282" type="stmt"/>
        <line num="946" count="282" type="stmt"/>
        <line num="947" count="282" type="stmt"/>
        <line num="948" count="282" type="stmt"/>
        <line num="949" count="282" type="stmt"/>
        <line num="950" count="282" type="stmt"/>
        <line num="952" count="282" type="stmt"/>
        <line num="954" count="282" type="stmt"/>
        <line num="956" count="282" type="stmt"/>
        <line num="957" count="282" type="stmt"/>
        <line num="958" count="282" type="stmt"/>
        <line num="961" count="59" type="stmt"/>
        <line num="962" count="59" type="stmt"/>
        <line num="963" count="59" type="stmt"/>
        <line num="965" count="59" type="stmt"/>
        <line num="966" count="59" type="stmt"/>
        <line num="968" count="59" type="stmt"/>
        <line num="972" count="188" type="stmt"/>
        <line num="973" count="188" type="stmt"/>
        <line num="974" count="188" type="stmt"/>
        <line num="975" count="188" type="stmt"/>
        <line num="976" count="188" type="stmt"/>
        <line num="978" count="188" type="stmt"/>
        <line num="982" count="8" type="stmt"/>
        <line num="983" count="8" type="stmt"/>
        <line num="984" count="8" type="stmt"/>
        <line num="985" count="8" type="stmt"/>
        <line num="986" count="8" type="stmt"/>
        <line num="987" count="8" type="stmt"/>
        <line num="988" count="8" type="stmt"/>
        <line num="990" count="8" type="stmt"/>
        <line num="994" count="1" type="stmt"/>
        <line num="995" count="1" type="stmt"/>
        <line num="996" count="1" type="stmt"/>
        <line num="997" count="1" type="stmt"/>
        <line num="998" count="1" type="stmt"/>
        <line num="999" count="1" type="stmt"/>
        <line num="1000" count="1" type="stmt"/>
        <line num="1002" count="1" type="stmt"/>
        <line num="1006" count="3" type="stmt"/>
        <line num="1007" count="3" type="stmt"/>
        <line num="1008" count="3" type="stmt"/>
        <line num="1009" count="3" type="stmt"/>
        <line num="1010" count="3" type="stmt"/>
        <line num="1011" count="3" type="stmt"/>
        <line num="1012" count="3" type="stmt"/>
        <line num="1013" count="3" type="stmt"/>
        <line num="1014" count="3" type="cond" truecount="2" falsecount="0"/>
        <line num="1015" count="3" type="cond" truecount="1" falsecount="1"/>
        <line num="1018" count="3" type="stmt"/>
        <line num="1019" count="3" type="stmt"/>
        <line num="1020" count="3" type="stmt"/>
        <line num="1021" count="3" type="stmt"/>
        <line num="1025" count="3" type="stmt"/>
        <line num="1026" count="3" type="stmt"/>
        <line num="1027" count="3" type="stmt"/>
        <line num="1029" count="3" type="stmt"/>
        <line num="1030" count="3" type="stmt"/>
        <line num="1031" count="3" type="stmt"/>
        <line num="1032" count="3" type="stmt"/>
        <line num="1034" count="3" type="stmt"/>
        <line num="1038" count="4" type="stmt"/>
        <line num="1039" count="4" type="stmt"/>
        <line num="1040" count="4" type="stmt"/>
        <line num="1041" count="4" type="stmt"/>
        <line num="1042" count="4" type="stmt"/>
        <line num="1043" count="4" type="stmt"/>
        <line num="1044" count="4" type="stmt"/>
        <line num="1045" count="4" type="stmt"/>
        <line num="1046" count="4" type="cond" truecount="4" falsecount="2"/>
        <line num="1048" count="4" type="stmt"/>
        <line num="1049" count="4" type="stmt"/>
        <line num="1050" count="4" type="stmt"/>
        <line num="1051" count="4" type="stmt"/>
        <line num="1052" count="4" type="stmt"/>
        <line num="1053" count="4" type="stmt"/>
        <line num="1056" count="10" type="stmt"/>
        <line num="1057" count="10" type="stmt"/>
        <line num="1058" count="10" type="stmt"/>
        <line num="1059" count="10" type="stmt"/>
        <line num="1062" count="10" type="stmt"/>
        <line num="1063" count="10" type="stmt"/>
        <line num="1064" count="10" type="stmt"/>
        <line num="1069" count="4" type="stmt"/>
        <line num="1070" count="4" type="stmt"/>
        <line num="1072" count="4" type="stmt"/>
        <line num="1076" count="1" type="stmt"/>
        <line num="1077" count="1" type="stmt"/>
        <line num="1078" count="1" type="stmt"/>
        <line num="1079" count="1" type="stmt"/>
        <line num="1080" count="1" type="stmt"/>
        <line num="1081" count="1" type="stmt"/>
        <line num="1082" count="1" type="stmt"/>
        <line num="1083" count="1" type="stmt"/>
        <line num="1084" count="1" type="cond" truecount="1" falsecount="1"/>
        <line num="1086" count="1" type="stmt"/>
        <line num="1087" count="1" type="stmt"/>
        <line num="1088" count="1" type="stmt"/>
        <line num="1089" count="1" type="stmt"/>
        <line num="1090" count="1" type="stmt"/>
        <line num="1091" count="1" type="stmt"/>
        <line num="1092" count="1" type="stmt"/>
        <line num="1093" count="1" type="stmt"/>
        <line num="1094" count="1" type="stmt"/>
        <line num="1095" count="1" type="stmt"/>
        <line num="1098" count="1" type="stmt"/>
        <line num="1099" count="1" type="stmt"/>
        <line num="1100" count="1" type="stmt"/>
        <line num="1101" count="1" type="stmt"/>
        <line num="1102" count="1" type="stmt"/>
        <line num="1103" count="1" type="stmt"/>
        <line num="1104" count="1" type="stmt"/>
        <line num="1105" count="1" type="stmt"/>
        <line num="1108" count="1" type="stmt"/>
        <line num="1109" count="1" type="stmt"/>
        <line num="1110" count="1" type="stmt"/>
        <line num="1115" count="1" type="stmt"/>
        <line num="1116" count="1" type="stmt"/>
        <line num="1118" count="1" type="stmt"/>
        <line num="1122" count="17" type="stmt"/>
        <line num="1123" count="17" type="stmt"/>
        <line num="1124" count="17" type="stmt"/>
        <line num="1125" count="17" type="stmt"/>
        <line num="1126" count="17" type="stmt"/>
        <line num="1127" count="17" type="stmt"/>
        <line num="1128" count="17" type="stmt"/>
        <line num="1129" count="17" type="stmt"/>
        <line num="1130" count="17" type="stmt"/>
        <line num="1132" count="17" type="stmt"/>
        <line num="1136" count="1" type="stmt"/>
        <line num="1137" count="1" type="stmt"/>
        <line num="1138" count="1" type="stmt"/>
        <line num="1139" count="1" type="stmt"/>
        <line num="1140" count="1" type="stmt"/>
        <line num="1141" count="1" type="stmt"/>
        <line num="1142" count="1" type="stmt"/>
        <line num="1143" count="1" type="stmt"/>
        <line num="1144" count="1" type="cond" truecount="1" falsecount="1"/>
        <line num="1146" count="1" type="stmt"/>
        <line num="1147" count="1" type="stmt"/>
        <line num="1148" count="1" type="stmt"/>
        <line num="1149" count="1" type="stmt"/>
        <line num="1150" count="1" type="stmt"/>
        <line num="1151" count="1" type="cond" truecount="1" falsecount="1"/>
        <line num="1153" count="1" type="stmt"/>
        <line num="1154" count="1" type="stmt"/>
        <line num="1158" count="1" type="stmt"/>
        <line num="1159" count="1" type="stmt"/>
        <line num="1160" count="1" type="stmt"/>
        <line num="1161" count="1" type="stmt"/>
        <line num="1164" count="0" type="stmt"/>
        <line num="1165" count="0" type="stmt"/>
        <line num="1166" count="0" type="stmt"/>
        <line num="1167" count="0" type="stmt"/>
        <line num="1168" count="0" type="stmt"/>
        <line num="1169" count="0" type="stmt"/>
        <line num="1170" count="0" type="stmt"/>
        <line num="1171" count="0" type="cond" truecount="0" falsecount="2"/>
        <line num="1173" count="0" type="stmt"/>
        <line num="1174" count="0" type="stmt"/>
        <line num="1180" count="0" type="stmt"/>
        <line num="1181" count="0" type="stmt"/>
        <line num="1182" count="0" type="stmt"/>
        <line num="1187" count="1" type="stmt"/>
        <line num="1188" count="1" type="stmt"/>
        <line num="1189" count="1" type="stmt"/>
        <line num="1190" count="1" type="stmt"/>
        <line num="1191" count="1" type="stmt"/>
        <line num="1192" count="1" type="stmt"/>
        <line num="1194" count="1" type="stmt"/>
        <line num="1196" count="282" type="stmt"/>
        <line num="1197" count="282" type="stmt"/>
        <line num="1198" count="282" type="stmt"/>
        <line num="1199" count="282" type="stmt"/>
        <line num="1200" count="282" type="cond" truecount="2" falsecount="0"/>
        <line num="1201" count="136" type="cond" truecount="1" falsecount="1"/>
        <line num="1202" count="136" type="cond" truecount="1" falsecount="1"/>
        <line num="1203" count="136" type="stmt"/>
        <line num="1205" count="136" type="stmt"/>
        <line num="1207" count="136" type="stmt"/>
        <line num="1208" count="136" type="stmt"/>
        <line num="1209" count="136" type="stmt"/>
        <line num="1212" count="9" type="stmt"/>
        <line num="1213" count="9" type="stmt"/>
        <line num="1214" count="9" type="stmt"/>
        <line num="1215" count="9" type="stmt"/>
        <line num="1216" count="9" type="cond" truecount="1" falsecount="1"/>
        <line num="1217" count="0" type="stmt"/>
        <line num="1219" count="9" type="stmt"/>
        <line num="1220" count="9" type="stmt"/>
        <line num="1221" count="9" type="stmt"/>
        <line num="1222" count="9" type="stmt"/>
        <line num="1224" count="9" type="stmt"/>
        <line num="1228" count="17" type="stmt"/>
        <line num="1229" count="17" type="stmt"/>
        <line num="1230" count="17" type="stmt"/>
        <line num="1231" count="17" type="stmt"/>
        <line num="1232" count="17" type="cond" truecount="1" falsecount="1"/>
        <line num="1233" count="0" type="stmt"/>
        <line num="1235" count="17" type="stmt"/>
        <line num="1236" count="17" type="stmt"/>
        <line num="1237" count="17" type="stmt"/>
        <line num="1238" count="17" type="cond" truecount="3" falsecount="1"/>
        <line num="1239" count="0" type="stmt"/>
        <line num="1241" count="17" type="cond" truecount="1" falsecount="1"/>
        <line num="1242" count="0" type="stmt"/>
        <line num="1245" count="17" type="stmt"/>
        <line num="1246" count="17" type="stmt"/>
        <line num="1248" count="17" type="stmt"/>
        <line num="1249" count="17" type="stmt"/>
        <line num="1251" count="17" type="stmt"/>
        <line num="1255" count="69" type="stmt"/>
        <line num="1256" count="69" type="stmt"/>
        <line num="1257" count="69" type="stmt"/>
        <line num="1258" count="69" type="stmt"/>
        <line num="1259" count="69" type="cond" truecount="1" falsecount="1"/>
        <line num="1260" count="0" type="stmt"/>
        <line num="1262" count="69" type="stmt"/>
        <line num="1263" count="69" type="stmt"/>
        <line num="1264" count="69" type="stmt"/>
        <line num="1265" count="69" type="cond" truecount="3" falsecount="1"/>
        <line num="1266" count="0" type="stmt"/>
        <line num="1268" count="69" type="cond" truecount="1" falsecount="1"/>
        <line num="1269" count="0" type="stmt"/>
        <line num="1272" count="69" type="stmt"/>
        <line num="1273" count="69" type="stmt"/>
        <line num="1275" count="69" type="stmt"/>
        <line num="1276" count="69" type="stmt"/>
        <line num="1278" count="69" type="stmt"/>
        <line num="1282" count="5" type="stmt"/>
        <line num="1283" count="5" type="stmt"/>
        <line num="1284" count="5" type="stmt"/>
        <line num="1285" count="5" type="stmt"/>
        <line num="1286" count="5" type="cond" truecount="1" falsecount="1"/>
        <line num="1287" count="0" type="stmt"/>
        <line num="1289" count="5" type="stmt"/>
        <line num="1290" count="5" type="stmt"/>
        <line num="1291" count="5" type="stmt"/>
        <line num="1292" count="5" type="cond" truecount="3" falsecount="1"/>
        <line num="1293" count="0" type="stmt"/>
        <line num="1295" count="5" type="cond" truecount="1" falsecount="1"/>
        <line num="1296" count="0" type="stmt"/>
        <line num="1299" count="5" type="stmt"/>
        <line num="1300" count="5" type="stmt"/>
        <line num="1302" count="5" type="stmt"/>
        <line num="1303" count="5" type="stmt"/>
        <line num="1305" count="5" type="stmt"/>
        <line num="1309" count="2" type="stmt"/>
        <line num="1310" count="2" type="stmt"/>
        <line num="1311" count="2" type="stmt"/>
        <line num="1312" count="2" type="stmt"/>
        <line num="1313" count="2" type="cond" truecount="1" falsecount="1"/>
        <line num="1314" count="0" type="stmt"/>
        <line num="1316" count="2" type="stmt"/>
        <line num="1317" count="2" type="stmt"/>
        <line num="1318" count="2" type="stmt"/>
        <line num="1319" count="2" type="cond" truecount="3" falsecount="1"/>
        <line num="1320" count="0" type="stmt"/>
        <line num="1322" count="2" type="cond" truecount="1" falsecount="1"/>
        <line num="1323" count="0" type="stmt"/>
        <line num="1326" count="2" type="stmt"/>
        <line num="1327" count="2" type="stmt"/>
        <line num="1329" count="2" type="stmt"/>
        <line num="1330" count="2" type="stmt"/>
        <line num="1332" count="2" type="stmt"/>
        <line num="1336" count="2" type="stmt"/>
        <line num="1337" count="2" type="stmt"/>
        <line num="1338" count="2" type="stmt"/>
        <line num="1339" count="2" type="stmt"/>
        <line num="1340" count="2" type="cond" truecount="1" falsecount="1"/>
        <line num="1341" count="0" type="stmt"/>
        <line num="1343" count="2" type="stmt"/>
        <line num="1344" count="2" type="stmt"/>
        <line num="1345" count="2" type="stmt"/>
        <line num="1346" count="2" type="stmt"/>
        <line num="1348" count="2" type="stmt"/>
        <line num="1352" count="2" type="stmt"/>
        <line num="1353" count="2" type="stmt"/>
        <line num="1354" count="2" type="stmt"/>
        <line num="1355" count="2" type="stmt"/>
        <line num="1356" count="2" type="cond" truecount="1" falsecount="1"/>
        <line num="1357" count="0" type="stmt"/>
        <line num="1359" count="2" type="stmt"/>
        <line num="1360" count="2" type="stmt"/>
        <line num="1361" count="2" type="stmt"/>
        <line num="1362" count="2" type="stmt"/>
        <line num="1364" count="2" type="stmt"/>
        <line num="1368" count="1" type="stmt"/>
        <line num="1369" count="1" type="stmt"/>
        <line num="1370" count="1" type="stmt"/>
        <line num="1371" count="1" type="stmt"/>
        <line num="1372" count="1" type="cond" truecount="1" falsecount="1"/>
        <line num="1373" count="0" type="stmt"/>
        <line num="1375" count="1" type="stmt"/>
        <line num="1376" count="1" type="stmt"/>
        <line num="1377" count="1" type="stmt"/>
        <line num="1378" count="1" type="stmt"/>
        <line num="1380" count="1" type="stmt"/>
        <line num="1384" count="7" type="stmt"/>
        <line num="1385" count="7" type="stmt"/>
        <line num="1386" count="7" type="stmt"/>
        <line num="1387" count="7" type="stmt"/>
        <line num="1388" count="7" type="cond" truecount="1" falsecount="1"/>
        <line num="1389" count="0" type="stmt"/>
        <line num="1391" count="7" type="stmt"/>
        <line num="1392" count="7" type="stmt"/>
        <line num="1393" count="7" type="stmt"/>
        <line num="1394" count="7" type="stmt"/>
        <line num="1395" count="7" type="stmt"/>
        <line num="1398" count="6" type="stmt"/>
        <line num="1399" count="6" type="stmt"/>
        <line num="1400" count="6" type="stmt"/>
        <line num="1401" count="6" type="stmt"/>
        <line num="1403" count="6" type="stmt"/>
        <line num="1405" count="7" type="stmt"/>
        <line num="1406" count="7" type="stmt"/>
        <line num="1408" count="7" type="stmt"/>
        <line num="1412" count="12" type="stmt"/>
        <line num="1413" count="12" type="stmt"/>
        <line num="1414" count="12" type="stmt"/>
        <line num="1415" count="12" type="stmt"/>
        <line num="1416" count="12" type="cond" truecount="1" falsecount="1"/>
        <line num="1417" count="0" type="stmt"/>
        <line num="1419" count="12" type="stmt"/>
        <line num="1420" count="12" type="stmt"/>
        <line num="1421" count="12" type="stmt"/>
        <line num="1422" count="12" type="stmt"/>
        <line num="1423" count="12" type="stmt"/>
        <line num="1424" count="12" type="cond" truecount="6" falsecount="0"/>
        <line num="1426" count="6" type="stmt"/>
        <line num="1427" count="6" type="stmt"/>
        <line num="1428" count="6" type="stmt"/>
        <line num="1429" count="6" type="stmt"/>
        <line num="1430" count="6" type="stmt"/>
        <line num="1431" count="6" type="stmt"/>
        <line num="1432" count="6" type="stmt"/>
        <line num="1435" count="5" type="stmt"/>
        <line num="1436" count="5" type="stmt"/>
        <line num="1437" count="5" type="stmt"/>
        <line num="1438" count="5" type="stmt"/>
        <line num="1439" count="5" type="stmt"/>
        <line num="1442" count="5" type="stmt"/>
        <line num="1443" count="5" type="stmt"/>
        <line num="1444" count="5" type="stmt"/>
        <line num="1449" count="12" type="stmt"/>
        <line num="1450" count="12" type="stmt"/>
        <line num="1452" count="12" type="stmt"/>
        <line num="1456" count="2" type="stmt"/>
        <line num="1457" count="2" type="stmt"/>
        <line num="1458" count="2" type="stmt"/>
        <line num="1459" count="2" type="stmt"/>
        <line num="1460" count="2" type="cond" truecount="1" falsecount="1"/>
        <line num="1461" count="0" type="stmt"/>
        <line num="1463" count="2" type="stmt"/>
        <line num="1464" count="2" type="stmt"/>
        <line num="1465" count="2" type="stmt"/>
        <line num="1466" count="2" type="stmt"/>
        <line num="1467" count="2" type="stmt"/>
        <line num="1468" count="2" type="stmt"/>
        <line num="1470" count="2" type="stmt"/>
        <line num="1474" count="8" type="stmt"/>
        <line num="1475" count="8" type="stmt"/>
        <line num="1476" count="8" type="stmt"/>
        <line num="1477" count="8" type="cond" truecount="1" falsecount="1"/>
        <line num="1478" count="0" type="stmt"/>
        <line num="1480" count="8" type="stmt"/>
        <line num="1481" count="8" type="stmt"/>
        <line num="1482" count="8" type="stmt"/>
        <line num="1483" count="8" type="stmt"/>
        <line num="1485" count="8" type="stmt"/>
        <line num="1489" count="136" type="stmt"/>
        <line num="1490" count="136" type="stmt"/>
        <line num="1491" count="136" type="stmt"/>
        <line num="1496" count="0" type="cond" truecount="0" falsecount="2"/>
        <line num="1497" count="0" type="stmt"/>
        <line num="1498" count="0" type="stmt"/>
        <line num="1499" count="0" type="stmt"/>
        <line num="1501" count="0" type="stmt"/>
        <line num="1505" count="282" type="stmt"/>
        <line num="1507" count="282" type="stmt"/>
        <line num="1511" count="201" type="stmt"/>
        <line num="1512" count="201" type="stmt"/>
        <line num="1513" count="201" type="stmt"/>
        <line num="1514" count="201" type="stmt"/>
        <line num="1515" count="201" type="stmt"/>
        <line num="1516" count="201" type="stmt"/>
        <line num="1518" count="9" type="stmt"/>
        <line num="1519" count="9" type="stmt"/>
        <line num="1521" count="9" type="stmt"/>
        <line num="1522" count="9" type="stmt"/>
        <line num="1524" count="9" type="stmt"/>
        <line num="1526" count="7" type="stmt"/>
        <line num="1527" count="7" type="stmt"/>
        <line num="1529" count="7" type="stmt"/>
        <line num="1530" count="7" type="stmt"/>
        <line num="1532" count="7" type="stmt"/>
        <line num="1534" count="166" type="stmt"/>
        <line num="1535" count="166" type="stmt"/>
        <line num="1537" count="166" type="stmt"/>
        <line num="1538" count="166" type="stmt"/>
        <line num="1540" count="166" type="stmt"/>
        <line num="1542" count="1" type="stmt"/>
        <line num="1543" count="1" type="stmt"/>
        <line num="1545" count="1" type="stmt"/>
        <line num="1546" count="1" type="stmt"/>
        <line num="1548" count="1" type="stmt"/>
        <line num="1550" count="18" type="stmt"/>
        <line num="1551" count="18" type="stmt"/>
        <line num="1553" count="18" type="stmt"/>
        <line num="1554" count="18" type="stmt"/>
        <line num="1556" count="18" type="stmt"/>
        <line num="1558" count="0" type="stmt"/>
        <line num="1562" count="0" type="cond" truecount="0" falsecount="2"/>
        <line num="1563" count="0" type="stmt"/>
        <line num="1564" count="0" type="stmt"/>
        <line num="1565" count="0" type="stmt"/>
        <line num="1567" count="0" type="stmt"/>
        <line num="1571" count="201" type="stmt"/>
        <line num="1573" count="201" type="stmt"/>
        <line num="1577" count="0" type="stmt"/>
        <line num="1579" count="0" type="stmt"/>
        <line num="1581" count="0" type="stmt"/>
        <line num="1584" count="0" type="stmt"/>
        <line num="1586" count="0" type="stmt"/>
        <line num="1589" count="0" type="stmt"/>
        <line num="1592" count="0" type="stmt"/>
        <line num="1595" count="0" type="stmt"/>
        <line num="1598" count="0" type="stmt"/>
        <line num="1601" count="0" type="stmt"/>
        <line num="1604" count="0" type="stmt"/>
        <line num="1607" count="0" type="stmt"/>
        <line num="1610" count="0" type="stmt"/>
        <line num="1613" count="0" type="stmt"/>
        <line num="1616" count="0" type="stmt"/>
        <line num="1619" count="0" type="stmt"/>
        <line num="1621" count="0" type="stmt"/>
        <line num="1624" count="52" type="stmt"/>
        <line num="1786" count="104" type="cond" truecount="2" falsecount="0"/>
        <line num="1787" count="52" type="stmt"/>
        <line num="1790" count="104" type="stmt"/>
        <line num="1795" count="52" type="stmt"/>
        <line num="1799" count="2" type="cond" truecount="1" falsecount="1"/>
        <line num="1800" count="2" type="stmt"/>
        <line num="1802" count="0" type="stmt"/>
        <line num="1808" count="2" type="cond" truecount="1" falsecount="1"/>
        <line num="1809" count="2" type="stmt"/>
        <line num="1811" count="0" type="stmt"/>
        <line num="1817" count="2" type="cond" truecount="1" falsecount="1"/>
        <line num="1818" count="2" type="stmt"/>
        <line num="1820" count="0" type="stmt"/>
        <line num="1826" count="0" type="cond" truecount="0" falsecount="2"/>
        <line num="1827" count="0" type="stmt"/>
        <line num="1829" count="0" type="stmt"/>
        <line num="1833" count="2" type="stmt"/>
        <line num="1836" count="0" type="stmt"/>
        <line num="1840" count="52" type="stmt"/>
        <line num="1842" count="2" type="stmt"/>
        <line num="1844" count="0" type="stmt"/>
        <line num="1848" count="2" type="cond" truecount="1" falsecount="1"/>
        <line num="1849" count="2" type="stmt"/>
        <line num="1851" count="0" type="stmt"/>
        <line num="1857" count="0" type="cond" truecount="0" falsecount="2"/>
        <line num="1858" count="0" type="stmt"/>
        <line num="1860" count="0" type="stmt"/>
        <line num="1864" count="2" type="stmt"/>
        <line num="1867" count="0" type="stmt"/>
        <line num="1871" count="52" type="stmt"/>
        <line num="1875" count="0" type="cond" truecount="0" falsecount="2"/>
        <line num="1876" count="0" type="stmt"/>
        <line num="1878" count="0" type="stmt"/>
        <line num="1881" count="0" type="stmt"/>
        <line num="1885" count="0" type="cond" truecount="0" falsecount="2"/>
        <line num="1886" count="0" type="stmt"/>
        <line num="1888" count="0" type="stmt"/>
        <line num="1892" count="2" type="stmt"/>
        <line num="1895" count="0" type="stmt"/>
        <line num="1899" count="52" type="stmt"/>
        <line num="1905" count="0" type="cond" truecount="0" falsecount="2"/>
        <line num="1906" count="0" type="stmt"/>
        <line num="1908" count="0" type="stmt"/>
        <line num="1911" count="0" type="stmt"/>
        <line num="1913" count="5" type="stmt"/>
        <line num="1916" count="0" type="stmt"/>
        <line num="1920" count="52" type="stmt"/>
        <line num="1921" count="8" type="stmt"/>
        <line num="1922" count="0" type="stmt"/>
        <line num="1926" count="0" type="cond" truecount="0" falsecount="2"/>
        <line num="1927" count="0" type="stmt"/>
        <line num="1929" count="0" type="stmt"/>
        <line num="1932" count="0" type="stmt"/>
        <line num="1933" count="0" type="stmt"/>
        <line num="1934" count="0" type="stmt"/>
        <line num="1936" count="14" type="stmt"/>
        <line num="1941" count="8" type="cond" truecount="1" falsecount="1"/>
        <line num="1942" count="8" type="stmt"/>
        <line num="1944" count="0" type="stmt"/>
        <line num="1948" count="8" type="stmt"/>
        <line num="1951" count="0" type="stmt"/>
        <line num="1955" count="52" type="stmt"/>
        <line num="1957" count="232" type="stmt"/>
        <line num="1960" count="0" type="stmt"/>
        <line num="1962" count="116" type="stmt"/>
        <line num="1965" count="52" type="stmt"/>
        <line num="1966" count="4" type="stmt"/>
        <line num="1968" count="4" type="stmt"/>
        <line num="1971" count="4" type="stmt"/>
        <line num="1972" count="4" type="stmt"/>
        <line num="1975" count="52" type="stmt"/>
        <line num="1976" count="3" type="stmt"/>
        <line num="1977" count="0" type="stmt"/>
        <line num="1978" count="0" type="stmt"/>
        <line num="1980" count="6" type="stmt"/>
        <line num="1983" count="3" type="stmt"/>
        <line num="1988" count="3" type="cond" truecount="1" falsecount="1"/>
        <line num="1989" count="3" type="stmt"/>
        <line num="1991" count="0" type="stmt"/>
        <line num="1997" count="0" type="cond" truecount="0" falsecount="2"/>
        <line num="1998" count="0" type="stmt"/>
        <line num="2000" count="0" type="stmt"/>
        <line num="2004" count="3" type="stmt"/>
        <line num="2005" count="3" type="stmt"/>
        <line num="2008" count="52" type="stmt"/>
        <line num="2009" count="0" type="stmt"/>
        <line num="2011" count="109" type="stmt"/>
        <line num="2013" count="0" type="stmt"/>
        <line num="2015" count="218" type="stmt"/>
        <line num="2017" count="0" type="stmt"/>
        <line num="2019" count="218" type="stmt"/>
        <line num="2022" count="111" type="stmt"/>
        <line num="2025" count="109" type="stmt"/>
        <line num="2026" count="109" type="stmt"/>
        <line num="2031" count="52" type="stmt"/>
        <line num="2032" count="0" type="stmt"/>
        <line num="2033" count="0" type="stmt"/>
        <line num="2034" count="0" type="stmt"/>
        <line num="2035" count="0" type="stmt"/>
        <line num="2037" count="109" type="stmt"/>
        <line num="2040" count="0" type="stmt"/>
        <line num="2044" count="52" type="stmt"/>
        <line num="2045" count="114" type="stmt"/>
        <line num="2047" count="114" type="stmt"/>
        <line num="2050" count="114" type="stmt"/>
        <line num="2053" count="0" type="stmt"/>
        <line num="2057" count="52" type="stmt"/>
        <line num="2058" count="240" type="stmt"/>
        <line num="2059" count="0" type="stmt"/>
        <line num="2063" count="240" type="cond" truecount="1" falsecount="1"/>
        <line num="2064" count="240" type="stmt"/>
        <line num="2066" count="0" type="stmt"/>
        <line num="2069" count="0" type="stmt"/>
        <line num="2073" count="0" type="cond" truecount="0" falsecount="2"/>
        <line num="2074" count="0" type="stmt"/>
        <line num="2076" count="0" type="stmt"/>
        <line num="2080" count="240" type="stmt"/>
        <line num="2083" count="0" type="stmt"/>
        <line num="2087" count="52" type="stmt"/>
        <line num="2089" count="88" type="stmt"/>
        <line num="2092" count="0" type="stmt"/>
        <line num="2094" count="44" type="stmt"/>
        <line num="2097" count="52" type="stmt"/>
        <line num="2098" count="0" type="stmt"/>
        <line num="2102" count="6" type="cond" truecount="1" falsecount="1"/>
        <line num="2103" count="6" type="stmt"/>
        <line num="2105" count="0" type="stmt"/>
        <line num="2111" count="15" type="cond" truecount="2" falsecount="0"/>
        <line num="2112" count="2" type="stmt"/>
        <line num="2114" count="13" type="stmt"/>
        <line num="2120" count="0" type="cond" truecount="0" falsecount="2"/>
        <line num="2121" count="0" type="stmt"/>
        <line num="2123" count="0" type="stmt"/>
        <line num="2126" count="6" type="stmt"/>
        <line num="2128" count="6" type="stmt"/>
        <line num="2129" count="6" type="stmt"/>
        <line num="2132" count="52" type="stmt"/>
        <line num="2136" count="6" type="stmt"/>
        <line num="2138" count="6" type="stmt"/>
        <line num="2141" count="17" type="stmt"/>
        <line num="2143" count="0" type="stmt"/>
        <line num="2147" count="0" type="cond" truecount="0" falsecount="2"/>
        <line num="2148" count="0" type="stmt"/>
        <line num="2150" count="0" type="stmt"/>
        <line num="2156" count="0" type="cond" truecount="0" falsecount="2"/>
        <line num="2157" count="0" type="stmt"/>
        <line num="2159" count="0" type="stmt"/>
        <line num="2163" count="6" type="stmt"/>
        <line num="2164" count="6" type="stmt"/>
        <line num="2167" count="52" type="stmt"/>
        <line num="2168" count="0" type="stmt"/>
        <line num="2170" count="0" type="stmt"/>
        <line num="2171" count="0" type="stmt"/>
        <line num="2174" count="52" type="stmt"/>
        <line num="2175" count="0" type="stmt"/>
        <line num="2177" count="2" type="stmt"/>
        <line num="2180" count="1" type="stmt"/>
        <line num="2181" count="1" type="stmt"/>
        <line num="2184" count="52" type="stmt"/>
        <line num="2185" count="1" type="stmt"/>
        <line num="2186" count="0" type="stmt"/>
        <line num="2188" count="1" type="stmt"/>
        <line num="2191" count="1" type="stmt"/>
        <line num="2192" count="1" type="stmt"/>
        <line num="2195" count="52" type="stmt"/>
        <line num="2197" count="27" type="stmt"/>
        <line num="2200" count="27" type="stmt"/>
        <line num="2201" count="27" type="stmt"/>
        <line num="2204" count="52" type="stmt"/>
        <line num="2205" count="3" type="stmt"/>
        <line num="2207" count="3" type="stmt"/>
        <line num="2208" count="3" type="stmt"/>
        <line num="2213" count="52" type="stmt"/>
        <line num="2214" count="0" type="stmt"/>
        <line num="2218" count="0" type="cond" truecount="0" falsecount="2"/>
        <line num="2219" count="0" type="stmt"/>
        <line num="2221" count="0" type="stmt"/>
        <line num="2224" count="0" type="stmt"/>
        <line num="2225" count="0" type="stmt"/>
        <line num="2229" count="24" type="cond" truecount="1" falsecount="1"/>
        <line num="2230" count="24" type="stmt"/>
        <line num="2232" count="0" type="stmt"/>
        <line num="2236" count="24" type="stmt"/>
        <line num="2239" count="0" type="stmt"/>
        <line num="2243" count="52" type="stmt"/>
        <line num="2245" count="836" type="stmt"/>
        <line num="2248" count="0" type="stmt"/>
        <line num="2250" count="418" type="stmt"/>
        <line num="2253" count="52" type="stmt"/>
        <line num="2254" count="56" type="stmt"/>
        <line num="2256" count="59" type="stmt"/>
        <line num="2257" count="59" type="stmt"/>
        <line num="2260" count="52" type="stmt"/>
        <line num="2262" count="182" type="stmt"/>
        <line num="2265" count="188" type="stmt"/>
        <line num="2266" count="188" type="stmt"/>
        <line num="2269" count="52" type="stmt"/>
        <line num="2272" count="12" type="stmt"/>
        <line num="2273" count="0" type="stmt"/>
        <line num="2274" count="0" type="stmt"/>
        <line num="2278" count="0" type="cond" truecount="0" falsecount="2"/>
        <line num="2279" count="0" type="stmt"/>
        <line num="2281" count="0" type="stmt"/>
        <line num="2287" count="0" type="cond" truecount="0" falsecount="2"/>
        <line num="2288" count="0" type="stmt"/>
        <line num="2290" count="0" type="stmt"/>
        <line num="2294" count="12" type="stmt"/>
        <line num="2295" count="12" type="stmt"/>
        <line num="2298" count="52" type="stmt"/>
        <line num="2301" count="0" type="stmt"/>
        <line num="2302" count="0" type="stmt"/>
        <line num="2306" count="0" type="cond" truecount="0" falsecount="2"/>
        <line num="2307" count="0" type="stmt"/>
        <line num="2309" count="0" type="stmt"/>
        <line num="2313" count="2" type="stmt"/>
        <line num="2314" count="2" type="stmt"/>
        <line num="2317" count="52" type="stmt"/>
        <line num="2319" count="7" type="stmt"/>
        <line num="2321" count="0" type="stmt"/>
        <line num="2322" count="7" type="stmt"/>
        <line num="2324" count="8" type="stmt"/>
        <line num="2325" count="8" type="stmt"/>
        <line num="2328" count="52" type="stmt"/>
        <line num="2331" count="0" type="stmt"/>
        <line num="2335" count="0" type="cond" truecount="0" falsecount="2"/>
        <line num="2336" count="0" type="stmt"/>
        <line num="2338" count="0" type="stmt"/>
        <line num="2342" count="9" type="stmt"/>
        <line num="2343" count="9" type="stmt"/>
        <line num="2346" count="52" type="stmt"/>
        <line num="2347" count="0" type="stmt"/>
        <line num="2349" count="8" type="stmt"/>
        <line num="2352" count="8" type="stmt"/>
        <line num="2353" count="8" type="stmt"/>
        <line num="2356" count="52" type="stmt"/>
        <line num="2357" count="0" type="stmt"/>
        <line num="2359" count="1" type="stmt"/>
        <line num="2362" count="1" type="stmt"/>
        <line num="2363" count="1" type="stmt"/>
        <line num="2366" count="52" type="stmt"/>
        <line num="2373" count="0" type="cond" truecount="0" falsecount="2"/>
        <line num="2374" count="0" type="stmt"/>
        <line num="2376" count="0" type="stmt"/>
        <line num="2379" count="5" type="stmt"/>
        <line num="2380" count="17" type="stmt"/>
        <line num="2381" count="6" type="stmt"/>
        <line num="2383" count="17" type="stmt"/>
        <line num="2384" count="17" type="stmt"/>
        <line num="2387" count="52" type="stmt"/>
        <line num="2394" count="0" type="cond" truecount="0" falsecount="2"/>
        <line num="2395" count="0" type="stmt"/>
[...]
        <line num="19" count="3" type="stmt"/>
      </file>
    </package>
    <package name="src.tree.expression.substract-expression">
      <metrics statements="7" coveredstatements="7" conditionals="0" coveredconditionals="0" methods="1" coveredmethods="1"/>
      <file name="substract-expression.tree.ts" path="/Users/nizami/Documents/work/xon/ast/src/tree/expression/substract-expression/substract-expression.tree.ts">
        <metrics statements="7" coveredstatements="7" conditionals="0" coveredconditionals="0" methods="1" coveredmethods="1"/>
        <line num="2" count="52" type="stmt"/>
        <line num="3" count="52" type="stmt"/>
        <line num="5" count="52" type="stmt"/>
        <line num="10" count="4" type="stmt"/>
        <line num="11" count="4" type="stmt"/>
        <line num="13" count="4" type="stmt"/>
        <line num="14" count="4" type="stmt"/>
      </file>
    </package>
    <package name="src.tree.expression.unary-minus-expression">
      <metrics statements="6" coveredstatements="6" conditionals="0" coveredconditionals="0" methods="1" coveredmethods="1"/>
      <file name="unary-minus-expression.tree.ts" path="/Users/nizami/Documents/work/xon/ast/src/tree/expression/unary-minus-expression/unary-minus-expression.tree.ts">
        <metrics statements="6" coveredstatements="6" conditionals="0" coveredconditionals="0" methods="1" coveredmethods="1"/>
        <line num="2" count="52" type="stmt"/>
        <line num="3" count="52" type="stmt"/>
        <line num="5" count="52" type="stmt"/>
        <line num="8" count="8" type="stmt"/>
        <line num="9" count="8" type="stmt"/>
        <line num="10" count="8" type="stmt"/>
      </file>
    </package>
    <package name="src.tree.library">
      <metrics statements="13" coveredstatements="13" conditionals="4" coveredconditionals="4" methods="3" coveredmethods="3"/>
      <file name="library-member.tree.ts" path="/Users/nizami/Documents/work/xon/ast/src/tree/library/library-member.tree.ts">
        <metrics statements="6" coveredstatements="6" conditionals="4" coveredconditionals="4" methods="1" coveredmethods="1"/>
        <line num="2" count="52" type="stmt"/>
        <line num="4" count="52" type="stmt"/>
        <line num="9" count="5" type="stmt"/>
        <line num="10" count="5" type="stmt"/>
        <line num="11" count="5" type="stmt"/>
        <line num="12" count="5" type="cond" truecount="4" falsecount="0"/>
      </file>
      <file name="library.tree.ts" path="/Users/nizami/Documents/work/xon/ast/src/tree/library/library.tree.ts">
        <metrics statements="7" coveredstatements="7" conditionals="0" coveredconditionals="0" methods="2" coveredmethods="2"/>
        <line num="2" count="52" type="stmt"/>
        <line num="3" count="52" type="stmt"/>
        <line num="5" count="52" type="stmt"/>
        <line num="12" count="2" type="stmt"/>
        <line num="13" count="2" type="stmt"/>
        <line num="14" count="2" type="stmt"/>
        <line num="15" count="5" type="stmt"/>
      </file>
    </package>
    <package name="src.tree.literal">
      <metrics statements="18" coveredstatements="17" conditionals="12" coveredconditionals="10" methods="2" coveredmethods="2"/>
      <file name="literal-helper.ts" path="/Users/nizami/Documents/work/xon/ast/src/tree/literal/literal-helper.ts">
        <metrics statements="14" coveredstatements="13" conditionals="12" coveredconditionals="10" methods="1" coveredmethods="1"/>
        <line num="1" count="52" type="stmt"/>
        <line num="9" count="52" type="stmt"/>
        <line num="10" count="52" type="stmt"/>
        <line num="11" count="52" type="stmt"/>
        <line num="12" count="52" type="stmt"/>
        <line num="14" count="52" type="stmt"/>
        <line num="16" count="52" type="stmt"/>
        <line num="17" count="195" type="cond" truecount="1" falsecount="1"/>
        <line num="19" count="195" type="cond" truecount="2" falsecount="0"/>
        <line num="20" count="186" type="cond" truecount="2" falsecount="0"/>
        <line num="21" count="179" type="cond" truecount="2" falsecount="0"/>
        <line num="22" count="19" type="cond" truecount="2" falsecount="0"/>
        <line num="23" count="18" type="cond" truecount="1" falsecount="1"/>
        <line num="25" count="0" type="stmt"/>
      </file>
      <file name="literal.tree.ts" path="/Users/nizami/Documents/work/xon/ast/src/tree/literal/literal.tree.ts">
        <metrics statements="4" coveredstatements="4" conditionals="0" coveredconditionals="0" methods="1" coveredmethods="1"/>
        <line num="2" count="52" type="stmt"/>
        <line num="4" count="52" type="stmt"/>
        <line num="5" count="195" type="stmt"/>
        <line num="6" count="195" type="stmt"/>
      </file>
    </package>
    <package name="src.tree.literal.boolean-literal">
      <metrics statements="5" coveredstatements="5" conditionals="2" coveredconditionals="2" methods="1" coveredmethods="1"/>
      <file name="boolean-literal.tree.ts" path="/Users/nizami/Documents/work/xon/ast/src/tree/literal/boolean-literal/boolean-literal.tree.ts">
        <metrics statements="5" coveredstatements="5" conditionals="2" coveredconditionals="2" methods="1" coveredmethods="1"/>
        <line num="2" count="52" type="stmt"/>
        <line num="4" count="52" type="stmt"/>
        <line num="10" count="5" type="cond" truecount="2" falsecount="0"/>
        <line num="11" count="4" type="stmt"/>
        <line num="12" count="4" type="stmt"/>
      </file>
    </package>
    <package name="src.tree.literal.char-literal">
      <metrics statements="5" coveredstatements="5" conditionals="6" coveredconditionals="4" methods="1" coveredmethods="1"/>
      <file name="char-literal.tree.ts" path="/Users/nizami/Documents/work/xon/ast/src/tree/literal/char-literal/char-literal.tree.ts">
        <metrics statements="5" coveredstatements="5" conditionals="6" coveredconditionals="4" methods="1" coveredmethods="1"/>
        <line num="2" count="52" type="stmt"/>
        <line num="4" count="52" type="stmt"/>
        <line num="10" count="1" type="cond" truecount="1" falsecount="1"/>
        <line num="11" count="1" type="cond" truecount="3" falsecount="1"/>
        <line num="12" count="1" type="stmt"/>
      </file>
    </package>
    <package name="src.tree.literal.float-literal">
      <metrics statements="15" coveredstatements="15" conditionals="4" coveredconditionals="3" methods="2" coveredmethods="2"/>
      <file name="float-literal.tree.ts" path="/Users/nizami/Documents/work/xon/ast/src/tree/literal/float-literal/float-literal.tree.ts">
        <metrics statements="15" coveredstatements="15" conditionals="4" coveredconditionals="3" methods="2" coveredmethods="2"/>
        <line num="2" count="52" type="stmt"/>
        <line num="4" count="52" type="stmt"/>
        <line num="13" count="7" type="stmt"/>
        <line num="14" count="7" type="stmt"/>
        <line num="15" count="7" type="stmt"/>
        <line num="16" count="7" type="stmt"/>
        <line num="17" count="7" type="stmt"/>
        <line num="18" count="7" type="stmt"/>
        <line num="19" count="7" type="stmt"/>
        <line num="23" count="4" type="cond" truecount="1" falsecount="1"/>
        <line num="24" count="4" type="stmt"/>
        <line num="25" count="4" type="stmt"/>
        <line num="27" count="4" type="cond" truecount="2" falsecount="0"/>
        <line num="28" count="2" type="stmt"/>
        <line num="31" count="2" type="stmt"/>
      </file>
    </package>
    <package name="src.tree.literal.integer-literal">
      <metrics statements="11" coveredstatements="11" conditionals="2" coveredconditionals="2" methods="2" coveredmethods="2"/>
      <file name="integer-literal.tree.ts" path="/Users/nizami/Documents/work/xon/ast/src/tree/literal/integer-literal/integer-literal.tree.ts">
        <metrics statements="11" coveredstatements="11" conditionals="2" coveredconditionals="2" methods="2" coveredmethods="2"/>
        <line num="2" count="52" type="stmt"/>
        <line num="4" count="52" type="stmt"/>
        <line num="11" count="160" type="stmt"/>
        <line num="12" count="160" type="stmt"/>
        <line num="13" count="160" type="stmt"/>
        <line num="14" count="160" type="stmt"/>
        <line num="15" count="160" type="stmt"/>
        <line num="16" count="160" type="stmt"/>
        <line num="20" count="270" type="cond" truecount="2" falsecount="0"/>
        <line num="21" count="135" type="stmt"/>
        <line num="22" count="135" type="stmt"/>
      </file>
    </package>
    <package name="src.tree.literal.string-literal">
      <metrics statements="5" coveredstatements="5" conditionals="6" coveredconditionals="5" methods="1" coveredmethods="1"/>
      <file name="string-literal.tree.ts" path="/Users/nizami/Documents/work/xon/ast/src/tree/literal/string-literal/string-literal.tree.ts">
        <metrics statements="5" coveredstatements="5" conditionals="6" coveredconditionals="5" methods="1" coveredmethods="1"/>
        <line num="2" count="52" type="stmt"/>
        <line num="4" count="52" type="stmt"/>
        <line num="10" count="11" type="cond" truecount="2" falsecount="0"/>
        <line num="11" count="7" type="cond" truecount="3" falsecount="1"/>
        <line num="12" count="7" type="stmt"/>
      </file>
    </package>
    <package name="src.tree.program">
      <metrics statements="10" coveredstatements="10" conditionals="0" coveredconditionals="0" methods="3" coveredmethods="2"/>
      <file name="program.tree.ts" path="/Users/nizami/Documents/work/xon/ast/src/tree/program/program.tree.ts">
        <metrics statements="10" coveredstatements="10" conditionals="0" coveredconditionals="0" methods="3" coveredmethods="2"/>
        <line num="2" count="52" type="stmt"/>
        <line num="3" count="52" type="stmt"/>
        <line num="4" count="52" type="stmt"/>
        <line num="5" count="52" type="stmt"/>
        <line num="8" count="52" type="stmt"/>
        <line num="15" count="2" type="stmt"/>
        <line num="16" count="2" type="stmt"/>
        <line num="18" count="2" type="stmt"/>
        <line num="20" count="2" type="stmt"/>
        <line num="22" count="2" type="stmt"/>
      </file>
    </package>
    <package name="src.tree.statement">
      <metrics statements="20" coveredstatements="19" conditionals="18" coveredconditionals="15" methods="2" coveredmethods="2"/>
      <file name="statement-helper.ts" path="/Users/nizami/Documents/work/xon/ast/src/tree/statement/statement-helper.ts">
        <metrics statements="18" coveredstatements="17" conditionals="18" coveredconditionals="15" methods="2" coveredmethods="2"/>
        <line num="1" count="52" type="stmt"/>
        <line num="11" count="52" type="stmt"/>
        <line num="12" count="52" type="stmt"/>
        <line num="13" count="52" type="stmt"/>
        <line num="14" count="52" type="stmt"/>
        <line num="15" count="52" type="stmt"/>
        <line num="16" count="52" type="stmt"/>
        <line num="19" count="52" type="stmt"/>
        <line num="20" count="44" type="cond" truecount="1" falsecount="1"/>
        <line num="22" count="44" type="cond" truecount="2" falsecount="0"/>
        <line num="23" count="43" type="cond" truecount="2" falsecount="0"/>
        <line num="24" count="16" type="cond" truecount="2" falsecount="0"/>
        <line num="25" count="13" type="cond" truecount="2" falsecount="0"/>
        <line num="26" count="12" type="cond" truecount="2" falsecount="0"/>
        <line num="27" count="6" type="cond" truecount="1" falsecount="1"/>
        <line num="29" count="0" type="stmt"/>
        <line num="32" count="52" type="stmt"/>
        <line num="33" count="24" type="cond" truecount="3" falsecount="1"/>
      </file>
      <file name="statement.tree.ts" path="/Users/nizami/Documents/work/xon/ast/src/tree/statement/statement.tree.ts">
        <metrics statements="2" coveredstatements="2" conditionals="0" coveredconditionals="0" methods="0" coveredmethods="0"/>
        <line num="2" count="52" type="stmt"/>
        <line num="4" count="52" type="stmt"/>
      </file>
    </package>
    <package name="src.tree.statement.assignment-statement">
      <metrics statements="8" coveredstatements="8" conditionals="2" coveredconditionals="1" methods="1" coveredmethods="1"/>
      <file name="assignment-statement.tree.ts" path="/Users/nizami/Documents/work/xon/ast/src/tree/statement/assignment-statement/assignment-statement.tree.ts">
        <metrics statements="8" coveredstatements="8" conditionals="2" coveredconditionals="1" methods="1" coveredmethods="1"/>
        <line num="2" count="52" type="stmt"/>
        <line num="4" count="52" type="stmt"/>
        <line num="6" count="52" type="stmt"/>
        <line num="11" count="1" type="stmt"/>
        <line num="12" count="1" type="stmt"/>
        <line num="13" count="1" type="cond" truecount="1" falsecount="1"/>
        <line num="15" count="1" type="stmt"/>
        <line num="16" count="1" type="stmt"/>
      </file>
    </package>
    <package name="src.tree.statement.expression-statement">
      <metrics statements="6" coveredstatements="6" conditionals="0" coveredconditionals="0" methods="1" coveredmethods="1"/>
      <file name="expression-statement.tree.ts" path="/Users/nizami/Documents/work/xon/ast/src/tree/statement/expression-statement/expression-statement.tree.ts">
        <metrics statements="6" coveredstatements="6" conditionals="0" coveredconditionals="0" methods="1" coveredmethods="1"/>
        <line num="2" count="52" type="stmt"/>
        <line num="4" count="52" type="stmt"/>
        <line num="6" count="52" type="stmt"/>
        <line num="9" count="27" type="stmt"/>
        <line num="10" count="27" type="stmt"/>
        <line num="11" count="27" type="stmt"/>
      </file>
    </package>
    <package name="src.tree.statement.if-statement">
      <metrics statements="11" coveredstatements="11" conditionals="6" coveredconditionals="5" methods="2" coveredmethods="2"/>
      <file name="if-statement.tree.ts" path="/Users/nizami/Documents/work/xon/ast/src/tree/statement/if-statement/if-statement.tree.ts">
        <metrics statements="11" coveredstatements="11" conditionals="6" coveredconditionals="5" methods="2" coveredmethods="2"/>
        <line num="2" count="52" type="stmt"/>
        <line num="4" count="52" type="stmt"/>
        <line num="5" count="52" type="stmt"/>
        <line num="7" count="52" type="stmt"/>
        <line num="8" count="6" type="stmt"/>
        <line num="16" count="6" type="stmt"/>
        <line num="17" count="6" type="stmt"/>
        <line num="18" count="6" type="cond" truecount="1" falsecount="1"/>
        <line num="20" count="11" type="stmt"/>
        <line num="27" count="6" type="cond" truecount="2" falsecount="0"/>
        <line num="28" count="2" type="stmt"/>
      </file>
    </package>
    <package name="src.tree.statement.loop-statement">
      <metrics statements="13" coveredstatements="13" conditionals="14" coveredconditionals="14" methods="1" coveredmethods="1"/>
      <file name="loop-statement.tree.ts" path="/Users/nizami/Documents/work/xon/ast/src/tree/statement/loop-statement/loop-statement.tree.ts">
        <metrics statements="13" coveredstatements="13" conditionals="14" coveredconditionals="14" methods="1" coveredmethods="1"/>
        <line num="2" count="52" type="stmt"/>
        <line num="4" count="52" type="stmt"/>
        <line num="5" count="52" type="stmt"/>
        <line num="7" count="52" type="stmt"/>
        <line num="22" count="6" type="stmt"/>
        <line num="23" count="6" type="stmt"/>
        <line num="24" count="6" type="stmt"/>
        <line num="25" count="6" type="stmt"/>
        <line num="27" count="6" type="cond" truecount="4" falsecount="0"/>
        <line num="28" count="6" type="cond" truecount="4" falsecount="0"/>
        <line num="29" count="6" type="cond" truecount="4" falsecount="0"/>
        <line num="30" count="6" type="cond" truecount="2" falsecount="0"/>
        <line num="31" count="6" type="stmt"/>
      </file>
    </package>
    <package name="src.tree.statement.preprocessor-statement">
      <metrics statements="5" coveredstatements="5" conditionals="0" coveredconditionals="0" methods="1" coveredmethods="1"/>
      <file name="preprocessor-statement.tree.ts" path="/Users/nizami/Documents/work/xon/ast/src/tree/statement/preprocessor-statement/preprocessor-statement.tree.ts">
        <metrics statements="5" coveredstatements="5" conditionals="0" coveredconditionals="0" methods="1" coveredmethods="1"/>
        <line num="2" count="52" type="stmt"/>
        <line num="4" count="52" type="stmt"/>
        <line num="7" count="3" type="stmt"/>
        <line num="8" count="3" type="stmt"/>
        <line num="9" count="3" type="stmt"/>
      </file>
    </package>
    <package name="src.tree.statement.return-statement">
      <metrics statements="6" coveredstatements="6" conditionals="2" coveredconditionals="2" methods="1" coveredmethods="1"/>
      <file name="return-statement.tree.ts" path="/Users/nizami/Documents/work/xon/ast/src/tree/statement/return-statement/return-statement.tree.ts">
        <metrics statements="6" coveredstatements="6" conditionals="2" coveredconditionals="2" methods="1" coveredmethods="1"/>
        <line num="2" count="52" type="stmt"/>
        <line num="4" count="52" type="stmt"/>
        <line num="6" count="52" type="stmt"/>
        <line num="9" count="1" type="stmt"/>
        <line num="10" count="1" type="stmt"/>
        <line num="11" count="1" type="cond" truecount="2" falsecount="0"/>
      </file>
    </package>
    <package name="src.tree.type">
      <metrics statements="35" coveredstatements="33" conditionals="10" coveredconditionals="7" methods="12" coveredmethods="10"/>
      <file name="type.tree.ts" path="/Users/nizami/Documents/work/xon/ast/src/tree/type/type.tree.ts">
        <metrics statements="35" coveredstatements="33" conditionals="10" coveredconditionals="7" methods="12" coveredmethods="10"/>
        <line num="1" count="52" type="stmt"/>
        <line num="2" count="52" type="stmt"/>
        <line num="3" count="52" type="stmt"/>
        <line num="5" count="52" type="stmt"/>
        <line num="6" count="52" type="stmt"/>
        <line num="10" count="52" type="stmt"/>
        <line num="11" count="52" type="stmt"/>
        <line num="12" count="728" type="stmt"/>
        <line num="14" count="728" type="stmt"/>
        <line num="15" count="0" type="stmt"/>
        <line num="17" count="728" type="stmt"/>
        <line num="19" count="52" type="stmt"/>
        <line num="21" count="52" type="stmt"/>
        <line num="22" count="11" type="stmt"/>
        <line num="23" count="11" type="cond" truecount="2" falsecount="0"/>
        <line num="25" count="7" type="stmt"/>
        <line num="26" count="7" type="stmt"/>
        <line num="27" count="7" type="stmt"/>
        <line num="30" count="52" type="stmt"/>
        <line num="35" count="279" type="stmt"/>
        <line num="36" count="279" type="stmt"/>
        <line num="37" count="279" type="cond" truecount="2" falsecount="0"/>
        <line num="39" count="240" type="stmt"/>
        <line num="40" count="240" type="stmt"/>
        <line num="44" count="11" type="stmt"/>
        <line num="48" count="25" type="stmt"/>
        <line num="52" count="10" type="stmt"/>
        <line num="55" count="25" type="cond" truecount="2" falsecount="0"/>
        <line num="56" count="10" type="cond" truecount="1" falsecount="1"/>
        <line num="57" count="10" type="stmt"/>
        <line num="59" count="0" type="stmt"/>
        <line num="63" count="2" type="stmt"/>
        <line num="64" count="2" type="stmt"/>
        <line num="65" count="2" type="cond" truecount="0" falsecount="2"/>
        <line num="66" count="2" type="stmt"/>
      </file>
    </package>
  </project>
</coverage>
